Mplus VERSION 7.31 (Linux)
MUTHEN & MUTHEN
09/19/2015   5:11 PM

INPUT INSTRUCTIONS

  TITLE:  Mixed-effects model: OC_alpha and JP_alpha as the predictors
  DATA:   FILE IS Jaramillo05.dat;	
  VARIABLE: NAMES id r r_v IDV OC_alpha JP_alpha;
          USEVARIABLES ARE r OC_alpha JP_alpha w2;
          MISSING ARE *;

  DEFINE: w2 = SQRT(r_v**(-1));   ! Weight for transformation
          r = w2*r;               ! Transformed r

  ANALYSIS: TYPE=RANDOM;          ! Use random slope analysis
          ESTIMATOR=ML;           ! Use ML estimation

  MODEL:	
          [r@0.0];                ! Intercept fixed at 0
          r@1.0;                  ! Error variance fixed at 1
          f | r ON w2;            ! f: Study specific random effects
          f*;                     ! var(f): tau^2
          [f*];                   ! beta_0
          f ON OC_alpha JP_alpha; ! beta1 and beta2

          ! Treat OC_alpha and JP_alpha as observed variables
          ! by estimating their variances
          [OC_alpha*];
          [JP_alpha*];

  OUTPUT: SAMPSTAT;
          CINTERVAL(symmetric);   ! Wald CI




INPUT READING TERMINATED NORMALLY



Mixed-effects model: OC_alpha and JP_alpha as the predictors

SUMMARY OF ANALYSIS

Number of groups                                                 1
Number of observations                                          61

Number of dependent variables                                    1
Number of independent variables                                  3
Number of continuous latent variables                            1

Observed dependent variables

  Continuous
   R

Observed independent variables
   OC_ALPHA    JP_ALPHA    W2

Continuous latent variables
   F


Estimator                                                       ML
Information matrix                                        OBSERVED
Maximum number of iterations                                   100
Convergence criterion                                    0.100D-05
Maximum number of EM iterations                                500
Convergence criteria for the EM algorithm
  Loglikelihood change                                   0.100D-02
  Relative loglikelihood change                          0.100D-05
  Derivative                                             0.100D-03
Minimum variance                                         0.100D-03
Maximum number of steepest descent iterations                   20
Maximum number of iterations for H1                           2000
Convergence criterion for H1                             0.100D-03
Optimization algorithm                                         EMA

Input data file(s)
  Jaramillo05.dat
Input data format  FREE


SUMMARY OF DATA

     Number of missing data patterns             4


COVARIANCE COVERAGE OF DATA

Minimum covariance coverage value   0.100


     PROPORTION OF DATA PRESENT


           Covariance Coverage
              R             OC_ALPHA      JP_ALPHA      W2
              ________      ________      ________      ________
 R              1.000
 OC_ALPHA       0.885         0.885
 JP_ALPHA       0.590         0.574         0.590
 W2             1.000         0.885         0.590         1.000


SAMPLE STATISTICS


     ESTIMATED SAMPLE STATISTICS


           Means
              R             OC_ALPHA      JP_ALPHA      W2
              ________      ________      ________      ________
 1              2.833         0.850         0.866        15.065


           Covariances
              R             OC_ALPHA      JP_ALPHA      W2
              ________      ________      ________      ________
 R              7.322
 OC_ALPHA       0.005         0.003
 JP_ALPHA       0.022         0.000         0.004
 W2             7.809        -0.024        -0.060        33.574


           Correlations
              R             OC_ALPHA      JP_ALPHA      W2
              ________      ________      ________      ________
 R              1.000
 OC_ALPHA       0.030         1.000
 JP_ALPHA       0.130         0.134         1.000
 W2             0.498        -0.073        -0.165         1.000


     MAXIMUM LOG-LIKELIHOOD VALUE FOR THE UNRESTRICTED (H1) MODEL IS -203.867


UNIVARIATE SAMPLE STATISTICS


     UNIVARIATE HIGHER-ORDER MOMENT DESCRIPTIVE STATISTICS

         Variable/         Mean/     Skewness/   Minimum/ % with                Percentiles
        Sample Size      Variance    Kurtosis    Maximum  Min/Max      20%/60%    40%/80%    Median

     R                     2.833       1.989      -1.114    1.64%       0.629      1.854      2.321
              61.000       7.322       6.934      15.860    1.64%       2.803      4.590
     OC_ALPHA              0.849      -1.128       0.660    1.85%       0.800      0.860      0.870
              54.000       0.003       1.002       0.930    1.85%       0.870      0.890
     JP_ALPHA              0.869      -0.173       0.740    2.78%       0.810      0.840      0.880
              36.000       0.004      -0.620       1.000    2.78%       0.900      0.920
     W2                   15.065       1.050       6.505    1.64%      10.193     13.107     13.915
              61.000      33.574       1.295      35.244    1.64%      15.454     19.254


THE MODEL ESTIMATION TERMINATED NORMALLY



MODEL FIT INFORMATION

Number of Free Parameters                        9

Loglikelihood

          H0 Value                          -5.369

Information Criteria

          Akaike (AIC)                      28.739
          Bayesian (BIC)                    47.737
          Sample-Size Adjusted BIC          19.424
            (n* = (n + 2) / 24)



MODEL RESULTS

                                                    Two-Tailed
                    Estimate       S.E.  Est./S.E.    P-Value

 F          ON
    OC_ALPHA           0.243      0.361      0.672      0.501
    JP_ALPHA           0.579      0.348      1.664      0.096

 JP_ALPHA WITH
    OC_ALPHA           0.001      0.001      0.876      0.381

 Means
    OC_ALPHA           0.849      0.008    108.032      0.000
    JP_ALPHA           0.864      0.011     81.220      0.000

 Intercepts
    R                  0.000      0.000    999.000    999.000
    F                 -0.519      0.392     -1.326      0.185

 Variances
    OC_ALPHA           0.003      0.001      5.195      0.000
    JP_ALPHA           0.004      0.001      4.277      0.000

 Residual Variances
    R                  1.000      0.000    999.000    999.000
    F                  0.015      0.004      3.976      0.000


QUALITY OF NUMERICAL RESULTS

     Condition Number for the Information Matrix              0.319E-04
       (ratio of smallest to largest eigenvalue)


CONFIDENCE INTERVALS OF MODEL RESULTS

                  Lower .5%  Lower 2.5%    Lower 5%    Estimate    Upper 5%  Upper 2.5%   Upper .5%

 F        ON
    OC_ALPHA        -0.687      -0.465      -0.351       0.243       0.836       0.950       1.172
    JP_ALPHA        -0.317      -0.103       0.007       0.579       1.152       1.261       1.476

 JP_ALPHA WITH
    OC_ALPHA        -0.001      -0.001       0.000       0.001       0.002       0.002       0.002

 Means
    OC_ALPHA         0.829       0.834       0.836       0.849       0.862       0.865       0.869
    JP_ALPHA         0.836       0.843       0.846       0.864       0.881       0.885       0.891

 Intercepts
    R                0.000       0.000       0.000       0.000       0.000       0.000       0.000
    F               -1.528      -1.287      -1.164      -0.519       0.125       0.248       0.489

 Variances
    OC_ALPHA         0.002       0.002       0.002       0.003       0.004       0.005       0.005
    JP_ALPHA         0.002       0.002       0.002       0.004       0.005       0.006       0.006

 Residual Variances
    R                1.000       1.000       1.000       1.000       1.000       1.000       1.000
    F                0.005       0.008       0.009       0.015       0.022       0.023       0.025


     Beginning Time:  17:11:40
        Ending Time:  17:11:40
       Elapsed Time:  00:00:00



MUTHEN & MUTHEN
3463 Stoner Ave.
Los Angeles, CA  90066

Tel: (310) 391-9971
Fax: (310) 391-8971
Web: www.StatModel.com
Support: Support@StatModel.com

Copyright (c) 1998-2015 Muthen & Muthen
