Mplus VERSION 7.31 (Linux)
MUTHEN & MUTHEN
09/19/2015   5:11 PM

INPUT INSTRUCTIONS

  TITLE:  Mixed-effects model: OC_alpha and JP_alpha with equal coefficients
  DATA:   FILE IS Jaramillo05.dat;	
  VARIABLE: NAMES id r r_v IDV OC_alpha JP_alpha;
          USEVARIABLES ARE r OC_alpha JP_alpha w2;
          MISSING ARE *;

  DEFINE: w2 = SQRT(r_v**(-1));   ! Weight for transformation
          r = w2*r;               ! Transformed r

  ANALYSIS: TYPE=RANDOM;          ! Use random slope analysis
          ESTIMATOR=ML;           ! Use ML estimation

  MODEL:	
          [r@0.0];                ! Intercept fixed at 0
          r@1.0;                  ! Error variance fixed at 1
          f | r ON w2;            ! f: Study specific random effects
          f*;                     ! var(f): tau^2
          [f*];                   ! beta_0
          f ON OC_alpha (1);      ! beta_1=beta_2
          f ON JP_alpha (1);

  OUTPUT: SAMPSTAT;
          CINTERVAL(symmetric);   ! Wald CI




*** WARNING
  Data set contains cases with missing on x-variables.
  These cases were not included in the analysis.
  Number of cases with missing on x-variables:  26
   1 WARNING(S) FOUND IN THE INPUT INSTRUCTIONS



Mixed-effects model: OC_alpha and JP_alpha with equal coefficients

SUMMARY OF ANALYSIS

Number of groups                                                 1
Number of observations                                          35

Number of dependent variables                                    1
Number of independent variables                                  3
Number of continuous latent variables                            1

Observed dependent variables

  Continuous
   R

Observed independent variables
   OC_ALPHA    JP_ALPHA    W2

Continuous latent variables
   F


Estimator                                                       ML
Information matrix                                        OBSERVED
Maximum number of iterations                                   100
Convergence criterion                                    0.100D-05
Maximum number of EM iterations                                500
Convergence criteria for the EM algorithm
  Loglikelihood change                                   0.100D-02
  Relative loglikelihood change                          0.100D-05
  Derivative                                             0.100D-03
Minimum variance                                         0.100D-03
Maximum number of steepest descent iterations                   20
Maximum number of iterations for H1                           2000
Convergence criterion for H1                             0.100D-03
Optimization algorithm                                         EMA

Input data file(s)
  Jaramillo05.dat
Input data format  FREE


SUMMARY OF DATA

     Number of missing data patterns             1


COVARIANCE COVERAGE OF DATA

Minimum covariance coverage value   0.100


     PROPORTION OF DATA PRESENT


           Covariance Coverage
              R             OC_ALPHA      JP_ALPHA      W2
              ________      ________      ________      ________
 R              1.000
 OC_ALPHA       1.000         1.000
 JP_ALPHA       1.000         1.000         1.000
 W2             1.000         1.000         1.000         1.000


SAMPLE STATISTICS


     ESTIMATED SAMPLE STATISTICS


           Means
              R             OC_ALPHA      JP_ALPHA      W2
              ________      ________      ________      ________
 1              3.698         0.852         0.865        16.226


           Covariances
              R             OC_ALPHA      JP_ALPHA      W2
              ________      ________      ________      ________
 R              9.115
 OC_ALPHA      -0.003         0.004
 JP_ALPHA       0.036         0.001         0.004
 W2             7.498        -0.053        -0.052        32.075


           Correlations
              R             OC_ALPHA      JP_ALPHA      W2
              ________      ________      ________      ________
 R              1.000
 OC_ALPHA      -0.018         1.000
 JP_ALPHA       0.203         0.144         1.000
 W2             0.439        -0.154        -0.153         1.000


     MAXIMUM LOG-LIKELIHOOD VALUE FOR THE UNRESTRICTED (H1) MODEL IS -94.374


UNIVARIATE SAMPLE STATISTICS


     UNIVARIATE HIGHER-ORDER MOMENT DESCRIPTIVE STATISTICS

         Variable/         Mean/     Skewness/   Minimum/ % with                Percentiles
        Sample Size      Variance    Kurtosis    Maximum  Min/Max      20%/60%    40%/80%    Median

     R                     3.698       1.811      -0.826    2.86%       1.389      2.661      3.568
              35.000       9.115       5.332      15.860    2.86%       3.702      4.890
     OC_ALPHA              0.852      -1.286       0.660    2.86%       0.810      0.860      0.870
              35.000       0.004       1.494       0.930    2.86%       0.870      0.900
     JP_ALPHA              0.865      -0.325       0.740    2.86%       0.810      0.840      0.870
              35.000       0.004      -0.758       0.980    2.86%       0.890      0.910
     W2                   16.226       1.190       7.901    2.86%      11.949     13.915     14.977
              35.000      32.075       1.766      35.244    2.86%      15.661     19.542


THE MODEL ESTIMATION TERMINATED NORMALLY



MODEL FIT INFORMATION

Number of Free Parameters                        3

Loglikelihood

          H0 Value                         -80.579

Information Criteria

          Akaike (AIC)                     167.158
          Bayesian (BIC)                   171.824
          Sample-Size Adjusted BIC         162.456
            (n* = (n + 2) / 24)



MODEL RESULTS

                                                    Two-Tailed
                    Estimate       S.E.  Est./S.E.    P-Value

 F          ON
    OC_ALPHA           0.486      0.295      1.647      0.100
    JP_ALPHA           0.486      0.295      1.647      0.100

 Intercepts
    R                  0.000      0.000    999.000    999.000
    F                 -0.604      0.507     -1.190      0.234

 Residual Variances
    R                  1.000      0.000    999.000    999.000
    F                  0.019      0.006      3.327      0.001


QUALITY OF NUMERICAL RESULTS

     Condition Number for the Information Matrix              0.984E-04
       (ratio of smallest to largest eigenvalue)


CONFIDENCE INTERVALS OF MODEL RESULTS

                  Lower .5%  Lower 2.5%    Lower 5%    Estimate    Upper 5%  Upper 2.5%   Upper .5%

 F        ON
    OC_ALPHA        -0.274      -0.093       0.001       0.486       0.972       1.065       1.247
    JP_ALPHA        -0.274      -0.093       0.001       0.486       0.972       1.065       1.247

 Intercepts
    R                0.000       0.000       0.000       0.000       0.000       0.000       0.000
    F               -1.911      -1.598      -1.438      -0.604       0.231       0.391       0.703

 Residual Variances
    R                1.000       1.000       1.000       1.000       1.000       1.000       1.000
    F                0.004       0.008       0.010       0.019       0.029       0.031       0.034


     Beginning Time:  17:11:40
        Ending Time:  17:11:40
       Elapsed Time:  00:00:00



MUTHEN & MUTHEN
3463 Stoner Ave.
Los Angeles, CA  90066

Tel: (310) 391-9971
Fax: (310) 391-8971
Web: www.StatModel.com
Support: Support@StatModel.com

Copyright (c) 1998-2015 Muthen & Muthen
